Determining if files sys/endian.h exist failed with the following output:
Change Dir: /home/user/projects/danek/lab1/DCSA/libhv-http/CMakeFiles/CMakeTmp

Run Build Command(s):/usr/bin/gmake -f Makefile cmTC_bec9e/fast && /usr/bin/gmake  -f CMakeFiles/cmTC_bec9e.dir/build.make CMakeFiles/cmTC_bec9e.dir/build
gmake[1]: Entering directory '/home/user/projects/danek/lab1/DCSA/libhv-http/CMakeFiles/CMakeTmp'
Building C object CMakeFiles/cmTC_bec9e.dir/HAVE_SYS_ENDIAN_H.c.o
/usr/bin/cc    -o CMakeFiles/cmTC_bec9e.dir/HAVE_SYS_ENDIAN_H.c.o -c /home/user/projects/danek/lab1/DCSA/libhv-http/CMakeFiles/CheckIncludeFiles/HAVE_SYS_ENDIAN_H.c
/home/user/projects/danek/lab1/DCSA/libhv-http/CMakeFiles/CheckIncludeFiles/HAVE_SYS_ENDIAN_H.c:2:10: fatal error: sys/endian.h: No such file or directory
    2 | #include <sys/endian.h>
      |          ^~~~~~~~~~~~~~
compilation terminated.
gmake[1]: *** [CMakeFiles/cmTC_bec9e.dir/build.make:78: CMakeFiles/cmTC_bec9e.dir/HAVE_SYS_ENDIAN_H.c.o] Error 1
gmake[1]: Leaving directory '/home/user/projects/danek/lab1/DCSA/libhv-http/CMakeFiles/CMakeTmp'
gmake: *** [Makefile:127: cmTC_bec9e/fast] Error 2


Source:
/* */
#include <sys/endian.h>


int main(void){return 0;}

Determining if the gettid exist failed with the following output:
Change Dir: /home/user/projects/danek/lab1/DCSA/libhv-http/CMakeFiles/CMakeTmp

Run Build Command(s):/usr/bin/gmake -f Makefile cmTC_fe59e/fast && /usr/bin/gmake  -f CMakeFiles/cmTC_fe59e.dir/build.make CMakeFiles/cmTC_fe59e.dir/build
gmake[1]: Entering directory '/home/user/projects/danek/lab1/DCSA/libhv-http/CMakeFiles/CMakeTmp'
Building C object CMakeFiles/cmTC_fe59e.dir/CheckSymbolExists.c.o
/usr/bin/cc    -o CMakeFiles/cmTC_fe59e.dir/CheckSymbolExists.c.o -c /home/user/projects/danek/lab1/DCSA/libhv-http/CMakeFiles/CMakeTmp/CheckSymbolExists.c
/home/user/projects/danek/lab1/DCSA/libhv-http/CMakeFiles/CMakeTmp/CheckSymbolExists.c: In function ‘main’:
/home/user/projects/danek/lab1/DCSA/libhv-http/CMakeFiles/CMakeTmp/CheckSymbolExists.c:8:19: error: ‘gettid’ undeclared (first use in this function); did you mean ‘getgid’?
    8 |   return ((int*)(&gettid))[argc];
      |                   ^~~~~~
      |                   getgid
/home/user/projects/danek/lab1/DCSA/libhv-http/CMakeFiles/CMakeTmp/CheckSymbolExists.c:8:19: note: each undeclared identifier is reported only once for each function it appears in
gmake[1]: *** [CMakeFiles/cmTC_fe59e.dir/build.make:78: CMakeFiles/cmTC_fe59e.dir/CheckSymbolExists.c.o] Error 1
gmake[1]: Leaving directory '/home/user/projects/danek/lab1/DCSA/libhv-http/CMakeFiles/CMakeTmp'
gmake: *** [Makefile:127: cmTC_fe59e/fast] Error 2


File /home/user/projects/danek/lab1/DCSA/libhv-http/CMakeFiles/CMakeTmp/CheckSymbolExists.c:
/* */
#include <unistd.h>

int main(int argc, char** argv)
{
  (void)argv;
#ifndef gettid
  return ((int*)(&gettid))[argc];
#else
  (void)argc;
  return 0;
#endif
}
Determining if the strlcpy exist failed with the following output:
Change Dir: /home/user/projects/danek/lab1/DCSA/libhv-http/CMakeFiles/CMakeTmp

Run Build Command(s):/usr/bin/gmake -f Makefile cmTC_edf31/fast && /usr/bin/gmake  -f CMakeFiles/cmTC_edf31.dir/build.make CMakeFiles/cmTC_edf31.dir/build
gmake[1]: Entering directory '/home/user/projects/danek/lab1/DCSA/libhv-http/CMakeFiles/CMakeTmp'
Building C object CMakeFiles/cmTC_edf31.dir/CheckSymbolExists.c.o
/usr/bin/cc    -o CMakeFiles/cmTC_edf31.dir/CheckSymbolExists.c.o -c /home/user/projects/danek/lab1/DCSA/libhv-http/CMakeFiles/CMakeTmp/CheckSymbolExists.c
/home/user/projects/danek/lab1/DCSA/libhv-http/CMakeFiles/CMakeTmp/CheckSymbolExists.c: In function ‘main’:
/home/user/projects/danek/lab1/DCSA/libhv-http/CMakeFiles/CMakeTmp/CheckSymbolExists.c:8:19: error: ‘strlcpy’ undeclared (first use in this function); did you mean ‘strncpy’?
    8 |   return ((int*)(&strlcpy))[argc];
      |                   ^~~~~~~
      |                   strncpy
/home/user/projects/danek/lab1/DCSA/libhv-http/CMakeFiles/CMakeTmp/CheckSymbolExists.c:8:19: note: each undeclared identifier is reported only once for each function it appears in
gmake[1]: *** [CMakeFiles/cmTC_edf31.dir/build.make:78: CMakeFiles/cmTC_edf31.dir/CheckSymbolExists.c.o] Error 1
gmake[1]: Leaving directory '/home/user/projects/danek/lab1/DCSA/libhv-http/CMakeFiles/CMakeTmp'
gmake: *** [Makefile:127: cmTC_edf31/fast] Error 2


File /home/user/projects/danek/lab1/DCSA/libhv-http/CMakeFiles/CMakeTmp/CheckSymbolExists.c:
/* */
#include <string.h>

int main(int argc, char** argv)
{
  (void)argv;
#ifndef strlcpy
  return ((int*)(&strlcpy))[argc];
#else
  (void)argc;
  return 0;
#endif
}
Determining if the strlcat exist failed with the following output:
Change Dir: /home/user/projects/danek/lab1/DCSA/libhv-http/CMakeFiles/CMakeTmp

Run Build Command(s):/usr/bin/gmake -f Makefile cmTC_d60b3/fast && /usr/bin/gmake  -f CMakeFiles/cmTC_d60b3.dir/build.make CMakeFiles/cmTC_d60b3.dir/build
gmake[1]: Entering directory '/home/user/projects/danek/lab1/DCSA/libhv-http/CMakeFiles/CMakeTmp'
Building C object CMakeFiles/cmTC_d60b3.dir/CheckSymbolExists.c.o
/usr/bin/cc    -o CMakeFiles/cmTC_d60b3.dir/CheckSymbolExists.c.o -c /home/user/projects/danek/lab1/DCSA/libhv-http/CMakeFiles/CMakeTmp/CheckSymbolExists.c
/home/user/projects/danek/lab1/DCSA/libhv-http/CMakeFiles/CMakeTmp/CheckSymbolExists.c: In function ‘main’:
/home/user/projects/danek/lab1/DCSA/libhv-http/CMakeFiles/CMakeTmp/CheckSymbolExists.c:8:19: error: ‘strlcat’ undeclared (first use in this function); did you mean ‘strncat’?
    8 |   return ((int*)(&strlcat))[argc];
      |                   ^~~~~~~
      |                   strncat
/home/user/projects/danek/lab1/DCSA/libhv-http/CMakeFiles/CMakeTmp/CheckSymbolExists.c:8:19: note: each undeclared identifier is reported only once for each function it appears in
gmake[1]: *** [CMakeFiles/cmTC_d60b3.dir/build.make:78: CMakeFiles/cmTC_d60b3.dir/CheckSymbolExists.c.o] Error 1
gmake[1]: Leaving directory '/home/user/projects/danek/lab1/DCSA/libhv-http/CMakeFiles/CMakeTmp'
gmake: *** [Makefile:127: cmTC_d60b3/fast] Error 2


File /home/user/projects/danek/lab1/DCSA/libhv-http/CMakeFiles/CMakeTmp/CheckSymbolExists.c:
/* */
#include <string.h>

int main(int argc, char** argv)
{
  (void)argv;
#ifndef strlcat
  return ((int*)(&strlcat))[argc];
#else
  (void)argc;
  return 0;
#endif
}
Determining if the setproctitle exist failed with the following output:
Change Dir: /home/user/projects/danek/lab1/DCSA/libhv-http/CMakeFiles/CMakeTmp

Run Build Command(s):/usr/bin/gmake -f Makefile cmTC_01722/fast && /usr/bin/gmake  -f CMakeFiles/cmTC_01722.dir/build.make CMakeFiles/cmTC_01722.dir/build
gmake[1]: Entering directory '/home/user/projects/danek/lab1/DCSA/libhv-http/CMakeFiles/CMakeTmp'
Building C object CMakeFiles/cmTC_01722.dir/CheckSymbolExists.c.o
/usr/bin/cc    -o CMakeFiles/cmTC_01722.dir/CheckSymbolExists.c.o -c /home/user/projects/danek/lab1/DCSA/libhv-http/CMakeFiles/CMakeTmp/CheckSymbolExists.c
/home/user/projects/danek/lab1/DCSA/libhv-http/CMakeFiles/CMakeTmp/CheckSymbolExists.c: In function ‘main’:
/home/user/projects/danek/lab1/DCSA/libhv-http/CMakeFiles/CMakeTmp/CheckSymbolExists.c:8:19: error: ‘setproctitle’ undeclared (first use in this function)
    8 |   return ((int*)(&setproctitle))[argc];
      |                   ^~~~~~~~~~~~
/home/user/projects/danek/lab1/DCSA/libhv-http/CMakeFiles/CMakeTmp/CheckSymbolExists.c:8:19: note: each undeclared identifier is reported only once for each function it appears in
gmake[1]: *** [CMakeFiles/cmTC_01722.dir/build.make:78: CMakeFiles/cmTC_01722.dir/CheckSymbolExists.c.o] Error 1
gmake[1]: Leaving directory '/home/user/projects/danek/lab1/DCSA/libhv-http/CMakeFiles/CMakeTmp'
gmake: *** [Makefile:127: cmTC_01722/fast] Error 2


File /home/user/projects/danek/lab1/DCSA/libhv-http/CMakeFiles/CMakeTmp/CheckSymbolExists.c:
/* */
#include <unistd.h>

int main(int argc, char** argv)
{
  (void)argv;
#ifndef setproctitle
  return ((int*)(&setproctitle))[argc];
#else
  (void)argc;
  return 0;
#endif
}
Determining if files sys/endian.h exist failed with the following output:
Change Dir: /home/user/projects/http-serv/DCSA-main/libhv-http/CMakeFiles/CMakeTmp

Run Build Command(s):/usr/bin/gmake -f Makefile cmTC_bf2b8/fast && /usr/bin/gmake  -f CMakeFiles/cmTC_bf2b8.dir/build.make CMakeFiles/cmTC_bf2b8.dir/build
gmake[1]: Entering directory '/home/user/projects/http-serv/DCSA-main/libhv-http/CMakeFiles/CMakeTmp'
Building C object CMakeFiles/cmTC_bf2b8.dir/HAVE_SYS_ENDIAN_H.c.o
/usr/bin/cc    -o CMakeFiles/cmTC_bf2b8.dir/HAVE_SYS_ENDIAN_H.c.o -c /home/user/projects/http-serv/DCSA-main/libhv-http/CMakeFiles/CheckIncludeFiles/HAVE_SYS_ENDIAN_H.c
/home/user/projects/http-serv/DCSA-main/libhv-http/CMakeFiles/CheckIncludeFiles/HAVE_SYS_ENDIAN_H.c:2:10: fatal error: sys/endian.h: No such file or directory
    2 | #include <sys/endian.h>
      |          ^~~~~~~~~~~~~~
compilation terminated.
gmake[1]: *** [CMakeFiles/cmTC_bf2b8.dir/build.make:78: CMakeFiles/cmTC_bf2b8.dir/HAVE_SYS_ENDIAN_H.c.o] Error 1
gmake[1]: Leaving directory '/home/user/projects/http-serv/DCSA-main/libhv-http/CMakeFiles/CMakeTmp'
gmake: *** [Makefile:127: cmTC_bf2b8/fast] Error 2


Source:
/* */
#include <sys/endian.h>


int main(void){return 0;}

Determining if the gettid exist failed with the following output:
Change Dir: /home/user/projects/http-serv/DCSA-main/libhv-http/CMakeFiles/CMakeTmp

Run Build Command(s):/usr/bin/gmake -f Makefile cmTC_f2212/fast && /usr/bin/gmake  -f CMakeFiles/cmTC_f2212.dir/build.make CMakeFiles/cmTC_f2212.dir/build
gmake[1]: Entering directory '/home/user/projects/http-serv/DCSA-main/libhv-http/CMakeFiles/CMakeTmp'
Building C object CMakeFiles/cmTC_f2212.dir/CheckSymbolExists.c.o
/usr/bin/cc    -o CMakeFiles/cmTC_f2212.dir/CheckSymbolExists.c.o -c /home/user/projects/http-serv/DCSA-main/libhv-http/CMakeFiles/CMakeTmp/CheckSymbolExists.c
/home/user/projects/http-serv/DCSA-main/libhv-http/CMakeFiles/CMakeTmp/CheckSymbolExists.c: In function ‘main’:
/home/user/projects/http-serv/DCSA-main/libhv-http/CMakeFiles/CMakeTmp/CheckSymbolExists.c:8:19: error: ‘gettid’ undeclared (first use in this function); did you mean ‘getgid’?
    8 |   return ((int*)(&gettid))[argc];
      |                   ^~~~~~
      |                   getgid
/home/user/projects/http-serv/DCSA-main/libhv-http/CMakeFiles/CMakeTmp/CheckSymbolExists.c:8:19: note: each undeclared identifier is reported only once for each function it appears in
gmake[1]: *** [CMakeFiles/cmTC_f2212.dir/build.make:78: CMakeFiles/cmTC_f2212.dir/CheckSymbolExists.c.o] Error 1
gmake[1]: Leaving directory '/home/user/projects/http-serv/DCSA-main/libhv-http/CMakeFiles/CMakeTmp'
gmake: *** [Makefile:127: cmTC_f2212/fast] Error 2


File /home/user/projects/http-serv/DCSA-main/libhv-http/CMakeFiles/CMakeTmp/CheckSymbolExists.c:
/* */
#include <unistd.h>

int main(int argc, char** argv)
{
  (void)argv;
#ifndef gettid
  return ((int*)(&gettid))[argc];
#else
  (void)argc;
  return 0;
#endif
}
Determining if the strlcpy exist failed with the following output:
Change Dir: /home/user/projects/http-serv/DCSA-main/libhv-http/CMakeFiles/CMakeTmp

Run Build Command(s):/usr/bin/gmake -f Makefile cmTC_a4d04/fast && /usr/bin/gmake  -f CMakeFiles/cmTC_a4d04.dir/build.make CMakeFiles/cmTC_a4d04.dir/build
gmake[1]: Entering directory '/home/user/projects/http-serv/DCSA-main/libhv-http/CMakeFiles/CMakeTmp'
Building C object CMakeFiles/cmTC_a4d04.dir/CheckSymbolExists.c.o
/usr/bin/cc    -o CMakeFiles/cmTC_a4d04.dir/CheckSymbolExists.c.o -c /home/user/projects/http-serv/DCSA-main/libhv-http/CMakeFiles/CMakeTmp/CheckSymbolExists.c
/home/user/projects/http-serv/DCSA-main/libhv-http/CMakeFiles/CMakeTmp/CheckSymbolExists.c: In function ‘main’:
/home/user/projects/http-serv/DCSA-main/libhv-http/CMakeFiles/CMakeTmp/CheckSymbolExists.c:8:19: error: ‘strlcpy’ undeclared (first use in this function); did you mean ‘strncpy’?
    8 |   return ((int*)(&strlcpy))[argc];
      |                   ^~~~~~~
      |                   strncpy
/home/user/projects/http-serv/DCSA-main/libhv-http/CMakeFiles/CMakeTmp/CheckSymbolExists.c:8:19: note: each undeclared identifier is reported only once for each function it appears in
gmake[1]: *** [CMakeFiles/cmTC_a4d04.dir/build.make:78: CMakeFiles/cmTC_a4d04.dir/CheckSymbolExists.c.o] Error 1
gmake[1]: Leaving directory '/home/user/projects/http-serv/DCSA-main/libhv-http/CMakeFiles/CMakeTmp'
gmake: *** [Makefile:127: cmTC_a4d04/fast] Error 2


File /home/user/projects/http-serv/DCSA-main/libhv-http/CMakeFiles/CMakeTmp/CheckSymbolExists.c:
/* */
#include <string.h>

int main(int argc, char** argv)
{
  (void)argv;
#ifndef strlcpy
  return ((int*)(&strlcpy))[argc];
#else
  (void)argc;
  return 0;
#endif
}
Determining if the strlcat exist failed with the following output:
Change Dir: /home/user/projects/http-serv/DCSA-main/libhv-http/CMakeFiles/CMakeTmp

Run Build Command(s):/usr/bin/gmake -f Makefile cmTC_bdf92/fast && /usr/bin/gmake  -f CMakeFiles/cmTC_bdf92.dir/build.make CMakeFiles/cmTC_bdf92.dir/build
gmake[1]: Entering directory '/home/user/projects/http-serv/DCSA-main/libhv-http/CMakeFiles/CMakeTmp'
Building C object CMakeFiles/cmTC_bdf92.dir/CheckSymbolExists.c.o
/usr/bin/cc    -o CMakeFiles/cmTC_bdf92.dir/CheckSymbolExists.c.o -c /home/user/projects/http-serv/DCSA-main/libhv-http/CMakeFiles/CMakeTmp/CheckSymbolExists.c
/home/user/projects/http-serv/DCSA-main/libhv-http/CMakeFiles/CMakeTmp/CheckSymbolExists.c: In function ‘main’:
/home/user/projects/http-serv/DCSA-main/libhv-http/CMakeFiles/CMakeTmp/CheckSymbolExists.c:8:19: error: ‘strlcat’ undeclared (first use in this function); did you mean ‘strncat’?
    8 |   return ((int*)(&strlcat))[argc];
      |                   ^~~~~~~
      |                   strncat
/home/user/projects/http-serv/DCSA-main/libhv-http/CMakeFiles/CMakeTmp/CheckSymbolExists.c:8:19: note: each undeclared identifier is reported only once for each function it appears in
gmake[1]: *** [CMakeFiles/cmTC_bdf92.dir/build.make:78: CMakeFiles/cmTC_bdf92.dir/CheckSymbolExists.c.o] Error 1
gmake[1]: Leaving directory '/home/user/projects/http-serv/DCSA-main/libhv-http/CMakeFiles/CMakeTmp'
gmake: *** [Makefile:127: cmTC_bdf92/fast] Error 2


File /home/user/projects/http-serv/DCSA-main/libhv-http/CMakeFiles/CMakeTmp/CheckSymbolExists.c:
/* */
#include <string.h>

int main(int argc, char** argv)
{
  (void)argv;
#ifndef strlcat
  return ((int*)(&strlcat))[argc];
#else
  (void)argc;
  return 0;
#endif
}
Determining if the setproctitle exist failed with the following output:
Change Dir: /home/user/projects/http-serv/DCSA-main/libhv-http/CMakeFiles/CMakeTmp

Run Build Command(s):/usr/bin/gmake -f Makefile cmTC_126f8/fast && /usr/bin/gmake  -f CMakeFiles/cmTC_126f8.dir/build.make CMakeFiles/cmTC_126f8.dir/build
gmake[1]: Entering directory '/home/user/projects/http-serv/DCSA-main/libhv-http/CMakeFiles/CMakeTmp'
Building C object CMakeFiles/cmTC_126f8.dir/CheckSymbolExists.c.o
/usr/bin/cc    -o CMakeFiles/cmTC_126f8.dir/CheckSymbolExists.c.o -c /home/user/projects/http-serv/DCSA-main/libhv-http/CMakeFiles/CMakeTmp/CheckSymbolExists.c
/home/user/projects/http-serv/DCSA-main/libhv-http/CMakeFiles/CMakeTmp/CheckSymbolExists.c: In function ‘main’:
/home/user/projects/http-serv/DCSA-main/libhv-http/CMakeFiles/CMakeTmp/CheckSymbolExists.c:8:19: error: ‘setproctitle’ undeclared (first use in this function)
    8 |   return ((int*)(&setproctitle))[argc];
      |                   ^~~~~~~~~~~~
/home/user/projects/http-serv/DCSA-main/libhv-http/CMakeFiles/CMakeTmp/CheckSymbolExists.c:8:19: note: each undeclared identifier is reported only once for each function it appears in
gmake[1]: *** [CMakeFiles/cmTC_126f8.dir/build.make:78: CMakeFiles/cmTC_126f8.dir/CheckSymbolExists.c.o] Error 1
gmake[1]: Leaving directory '/home/user/projects/http-serv/DCSA-main/libhv-http/CMakeFiles/CMakeTmp'
gmake: *** [Makefile:127: cmTC_126f8/fast] Error 2


File /home/user/projects/http-serv/DCSA-main/libhv-http/CMakeFiles/CMakeTmp/CheckSymbolExists.c:
/* */
#include <unistd.h>

int main(int argc, char** argv)
{
  (void)argv;
#ifndef setproctitle
  return ((int*)(&setproctitle))[argc];
#else
  (void)argc;
  return 0;
#endif
}
